c:\users\daso\desktop\picturemousekeyboard\picturemousekeyboard\x64\release\vc140.pdb
c:\users\daso\desktop\picturemousekeyboard\picturemousekeyboard\x64\release\pmk.obj
c:\users\daso\desktop\picturemousekeyboard\x64\release\pmk.dll
c:\users\daso\desktop\picturemousekeyboard\x64\release\pmk.ipdb
c:\users\daso\desktop\picturemousekeyboard\x64\release\pmk.iobj
c:\users\daso\desktop\picturemousekeyboard\x64\release\pmk.pdb
c:\users\daso\desktop\picturemousekeyboard\x64\release\pmk.lib
c:\users\daso\desktop\picturemousekeyboard\x64\release\pmk.exp
c:\users\daso\desktop\picturemousekeyboard\picturemousekeyboard\x64\release\pmk.res
d:\github\picturemousekeyboard\picturemousekeyboard\picturemousekeyboard\x64\release\pmk.obj
d:\github\picturemousekeyboard\picturemousekeyboard\picturemousekeyboard\x64\release\pmk.res
d:\github\picturemousekeyboard\picturemousekeyboard\picturemousekeyboard\x64\release\vc140.pdb
d:\github\picturemousekeyboard\picturemousekeyboard\x64\release\pmk.pdb
d:\github\picturemousekeyboard\picturemousekeyboard\x64\release\pmk.dll
d:\github\picturemousekeyboard\picturemousekeyboard\picturemousekeyboard\x64\release\picturem.68603d49.tlog\cl.command.1.tlog
d:\github\picturemousekeyboard\picturemousekeyboard\picturemousekeyboard\x64\release\picturem.68603d49.tlog\cl.read.1.tlog
d:\github\picturemousekeyboard\picturemousekeyboard\picturemousekeyboard\x64\release\picturem.68603d49.tlog\cl.write.1.tlog
d:\github\picturemousekeyboard\picturemousekeyboard\picturemousekeyboard\x64\release\picturem.68603d49.tlog\link.command.1.tlog
d:\github\picturemousekeyboard\picturemousekeyboard\picturemousekeyboard\x64\release\picturem.68603d49.tlog\link.read.1.tlog
d:\github\picturemousekeyboard\picturemousekeyboard\picturemousekeyboard\x64\release\picturem.68603d49.tlog\link.write.1.tlog
d:\github\picturemousekeyboard\picturemousekeyboard\picturemousekeyboard\x64\release\picturem.68603d49.tlog\picturemousekeyboard.write.1u.tlog
d:\github\picturemousekeyboard\picturemousekeyboard\picturemousekeyboard\x64\release\picturem.68603d49.tlog\rc.command.1.tlog
d:\github\picturemousekeyboard\picturemousekeyboard\picturemousekeyboard\x64\release\picturem.68603d49.tlog\rc.read.1.tlog
d:\github\picturemousekeyboard\picturemousekeyboard\picturemousekeyboard\x64\release\picturem.68603d49.tlog\rc.write.1.tlog
