d:\github\picturemousekeyboard\picturemousekeyboard\picturemousekeyboard\release\vc140.pdb
d:\github\picturemousekeyboard\picturemousekeyboard\picturemousekeyboard\release\pmk.obj
d:\github\picturemousekeyboard\picturemousekeyboard\release\picturemousekeyboard.dll
d:\github\picturemousekeyboard\picturemousekeyboard\release\picturemousekeyboard.ipdb
d:\github\picturemousekeyboard\picturemousekeyboard\release\picturemousekeyboard.iobj
d:\github\picturemousekeyboard\picturemousekeyboard\release\picturemousekeyboard.pdb
d:\github\picturemousekeyboard\picturemousekeyboard\release\pmk.dll
d:\github\picturemousekeyboard\picturemousekeyboard\release\pmk.ipdb
d:\github\picturemousekeyboard\picturemousekeyboard\release\pmk.iobj
d:\github\picturemousekeyboard\picturemousekeyboard\release\pmk.pdb
d:\github\picturemousekeyboard\picturemousekeyboard\release\picturemousekeyboard.lib
d:\github\picturemousekeyboard\picturemousekeyboard\release\picturemousekeyboard.exp
d:\github\picturemousekeyboard\picturemousekeyboard\release\pmk.lib
d:\github\picturemousekeyboard\picturemousekeyboard\release\pmk.exp
d:\github\picturemousekeyboard\picturemousekeyboard\picturemousekeyboard\release\pmk.res
d:\github\picturemousekeyboard\picturemousekeyboard\picturemousekeyboard\release\picturem.68603d49.tlog\cl.command.1.tlog
d:\github\picturemousekeyboard\picturemousekeyboard\picturemousekeyboard\release\picturem.68603d49.tlog\cl.read.1.tlog
d:\github\picturemousekeyboard\picturemousekeyboard\picturemousekeyboard\release\picturem.68603d49.tlog\cl.write.1.tlog
d:\github\picturemousekeyboard\picturemousekeyboard\picturemousekeyboard\release\picturem.68603d49.tlog\link.command.1.tlog
d:\github\picturemousekeyboard\picturemousekeyboard\picturemousekeyboard\release\picturem.68603d49.tlog\link.read.1.tlog
d:\github\picturemousekeyboard\picturemousekeyboard\picturemousekeyboard\release\picturem.68603d49.tlog\link.write.1.tlog
d:\github\picturemousekeyboard\picturemousekeyboard\picturemousekeyboard\release\picturem.68603d49.tlog\picturemousekeyboard.write.1u.tlog
d:\github\picturemousekeyboard\picturemousekeyboard\picturemousekeyboard\release\picturem.68603d49.tlog\rc.command.1.tlog
d:\github\picturemousekeyboard\picturemousekeyboard\picturemousekeyboard\release\picturem.68603d49.tlog\rc.read.1.tlog
d:\github\picturemousekeyboard\picturemousekeyboard\picturemousekeyboard\release\picturem.68603d49.tlog\rc.write.1.tlog
